{
  "uid" : "7b83fb2cf3d5b3bf",
  "name" : "test_request[args1]",
  "fullName" : "TestCase.test_select.TestSelect#test_request",
  "historyId" : "03fd3b4911d821aa173e52896e84a7bc",
  "time" : {
    "start" : 1650613844359,
    "stop" : 1650613844497,
    "duration" : 138
  },
  "status" : "failed",
  "statusMessage" : "AssertionError: ❌ 字符串不等于预期结果, 预期为 hhh, 实际为 success",
  "statusTrace" : "self = <Common.AssertUtil.Assertions object at 0x04F09930>, body_msg = 'success', expected_msg = 'hhh'\n\n    def assert_string(self, body_msg, expected_msg):\n        \"\"\"\n        验证response 相等字符串\n        :param body_msg:\n        :param expected_msg:\n        :return:\n        \"\"\"\n        try:\n>           assert_that(body_msg, has_string(expected_msg))\n\nCommon\\AssertUtil.py:38: \n_ _ _ _ _ _ _ _ _ _ _ _ _ _ _ _ _ _ _ _ _ _ _ _ _ _ _ _ _ _ _ _ _ _ _ _ _ _ _ _ _ _ _ _ _ _ _ _ _ _ _ _ _ _ _ _ _ _ _ _ _ _ _ _ _ _ _ _ _ _ _ _ _ _ _ _ _ _ _ \n\nactual = 'success', matcher = <HasString(an object with str 'hhh')>, reason = ''\n\n    def assert_that(actual, matcher=None, reason=\"\"):\n        \"\"\"Asserts that actual value satisfies matcher. (Can also assert plain\n        boolean condition.)\n    \n        :param actual: The object to evaluate as the actual value.\n        :param matcher: The matcher to satisfy as the expected condition.\n        :param reason: Optional explanation to include in failure description.\n    \n        ``assert_that`` passes the actual value to the matcher for evaluation. If\n        the matcher is not satisfied, an exception is thrown describing the\n        mismatch.\n    \n        ``assert_that`` is designed to integrate well with PyUnit and other unit\n        testing frameworks. The exception raised for an unmet assertion is an\n        :py:exc:`AssertionError`, which PyUnit reports as a test failure.\n    \n        With a different set of parameters, ``assert_that`` can also verify a\n        boolean condition:\n    \n        .. function:: assert_that(assertion[, reason])\n    \n        :param assertion:  Boolean condition to verify.\n        :param reason:  Optional explanation to include in failure description.\n    \n        This is equivalent to the :py:meth:`~unittest.TestCase.assertTrue` method\n        of :py:class:`unittest.TestCase`, but offers greater flexibility in test\n        writing by being a standalone function.\n    \n        \"\"\"\n        if isinstance(matcher, Matcher):\n>           _assert_match(actual=actual, matcher=matcher, reason=reason)\n\nC:\\Users\\DD\\AppData\\Local\\Programs\\Python\\Python37-32\\lib\\site-packages\\hamcrest\\core\\assert_that.py:58: \n_ _ _ _ _ _ _ _ _ _ _ _ _ _ _ _ _ _ _ _ _ _ _ _ _ _ _ _ _ _ _ _ _ _ _ _ _ _ _ _ _ _ _ _ _ _ _ _ _ _ _ _ _ _ _ _ _ _ _ _ _ _ _ _ _ _ _ _ _ _ _ _ _ _ _ _ _ _ _ \n\nactual = 'success', matcher = <HasString(an object with str 'hhh')>, reason = ''\n\n    def _assert_match(actual: T, matcher: Matcher[T], reason: str) -> None:\n        if not matcher.matches(actual):\n            description = StringDescription()\n            description.append_text(reason).append_text(\"\\nExpected: \").append_description_of(\n                matcher\n            ).append_text(\"\\n     but: \")\n            matcher.describe_mismatch(actual, description)\n            description.append_text(\"\\n\")\n>           raise AssertionError(description)\nE           AssertionError: \nE           Expected: an object with str 'hhh'\nE                but: was 'success'\n\nC:\\Users\\DD\\AppData\\Local\\Programs\\Python\\Python37-32\\lib\\site-packages\\hamcrest\\core\\assert_that.py:73: AssertionError\n\nDuring handling of the above exception, another exception occurred:\n\nself = <Andrew.TestCase.test_select.TestSelect object at 0x05217490>\nargs = {'data': {'expected_msg': 'hhh', 'method': 'get', 'url': 'http://10.6.3.13:28083/api/rebate/v1/rebate/query/availableRebateSummary?regionCode=340000&saleOrgCode=1017&firstLevelReceivingEnterpriseCode=1000009899'}}\nstart = None\n\n    @allure.story(\"读取yaml文件\")\n    @pytest.mark.parametrize(\"args\",Yaml(\"\\data.yaml\").read_yaml())\n    def test_request(self, args, start):\n        url = args[\"data\"][\"url\"]\n        method = args[\"data\"][\"method\"]\n        expected_msg = args[\"data\"][\"expected_msg\"]\n        Request.get(url=url)\n        body = Json.get_value(Request.response, \"resultMsg\", 0)\n>       Assert.assert_string(body, expected_msg)\n\nTestCase\\test_select.py:22: \n_ _ _ _ _ _ _ _ _ _ _ _ _ _ _ _ _ _ _ _ _ _ _ _ _ _ _ _ _ _ _ _ _ _ _ _ _ _ _ _ _ _ _ _ _ _ _ _ _ _ _ _ _ _ _ _ _ _ _ _ _ _ _ _ _ _ _ _ _ _ _ _ _ _ _ _ _ _ _ \n\nself = <Common.AssertUtil.Assertions object at 0x04F09930>, body_msg = 'success', expected_msg = 'hhh'\n\n    def assert_string(self, body_msg, expected_msg):\n        \"\"\"\n        验证response 相等字符串\n        :param body_msg:\n        :param expected_msg:\n        :return:\n        \"\"\"\n        try:\n            assert_that(body_msg, has_string(expected_msg))\n            self.log.info(\"\uD83D\uDC40 字符串等于预期结果\")\n            return True\n    \n        except:\n            self.log.error(\"❌ 字符串不等于预期结果, 预期为 %s, 实际为 %s \" % (expected_msg, body_msg))\n>           raise AssertionError(\"❌ 字符串不等于预期结果, 预期为 %s, 实际为 %s \" % (expected_msg, body_msg))\nE           AssertionError: ❌ 字符串不等于预期结果, 预期为 hhh, 实际为 success\n\nCommon\\AssertUtil.py:44: AssertionError",
  "flaky" : false,
  "newFailed" : false,
  "newBroken" : false,
  "newPassed" : false,
  "retriesCount" : 0,
  "retriesStatusChange" : false,
  "beforeStages" : [ {
    "name" : "start",
    "time" : {
      "start" : 1650613844354,
      "stop" : 1650613844358,
      "duration" : 4
    },
    "status" : "passed",
    "steps" : [ ],
    "attachments" : [ ],
    "parameters" : [ ],
    "hasContent" : false,
    "stepsCount" : 0,
    "attachmentsCount" : 0,
    "shouldDisplayMessage" : false
  } ],
  "afterStages" : [ {
    "name" : "start::0",
    "time" : {
      "start" : 1650613844608,
      "stop" : 1650613844613,
      "duration" : 5
    },
    "status" : "passed",
    "steps" : [ ],
    "attachments" : [ ],
    "parameters" : [ ],
    "hasContent" : false,
    "stepsCount" : 0,
    "attachmentsCount" : 0,
    "shouldDisplayMessage" : false
  } ],
  "labels" : [ {
    "name" : "story",
    "value" : "读取yaml文件"
  }, {
    "name" : "feature",
    "value" : "接口测试"
  }, {
    "name" : "parentSuite",
    "value" : "TestCase"
  }, {
    "name" : "suite",
    "value" : "test_select"
  }, {
    "name" : "subSuite",
    "value" : "TestSelect"
  }, {
    "name" : "host",
    "value" : "DESKTOP-2MLCHMP"
  }, {
    "name" : "thread",
    "value" : "11680-MainThread"
  }, {
    "name" : "framework",
    "value" : "pytest"
  }, {
    "name" : "language",
    "value" : "cpython3"
  }, {
    "name" : "package",
    "value" : "TestCase.test_select"
  }, {
    "name" : "resultFormat",
    "value" : "allure2"
  } ],
  "parameters" : [ {
    "name" : "args",
    "value" : "{'data': {'url': 'http://10.6.3.13:28083/api/rebate/v1/rebate/query/availableRebateSummary?regionCode=340000&saleOrgCode=1017&firstLevelReceivingEnterpriseCode=1000009899', 'method': 'get', 'expected_msg': 'hhh'}}"
  } ],
  "links" : [ ],
  "hidden" : false,
  "retry" : false,
  "extra" : {
    "severity" : "normal",
    "retries" : [ ],
    "categories" : [ {
      "name" : "Product defects",
      "matchedStatuses" : [ ],
      "flaky" : false
    } ],
    "tags" : [ ]
  },
  "source" : "7b83fb2cf3d5b3bf.json",
  "parameterValues" : [ "{'data': {'url': 'http://10.6.3.13:28083/api/rebate/v1/rebate/query/availableRebateSummary?regionCode=340000&saleOrgCode=1017&firstLevelReceivingEnterpriseCode=1000009899', 'method': 'get', 'expected_msg': 'hhh'}}" ]
}