{"name": "test_request[args1]", "status": "failed", "statusDetails": {"message": "AssertionError: âŒ å­—ç¬¦ä¸²ä¸ç­‰äºé¢„æœŸç»“æœ, é¢„æœŸä¸º hhh, å®é™…ä¸º success", "trace": "self = <Common.AssertUtil.Assertions object at 0x04F09930>, body_msg = 'success', expected_msg = 'hhh'\n\n    def assert_string(self, body_msg, expected_msg):\n        \"\"\"\n        éªŒè¯response ç›¸ç­‰å­—ç¬¦ä¸²\n        :param body_msg:\n        :param expected_msg:\n        :return:\n        \"\"\"\n        try:\n>           assert_that(body_msg, has_string(expected_msg))\n\nCommon\\AssertUtil.py:38: \n_ _ _ _ _ _ _ _ _ _ _ _ _ _ _ _ _ _ _ _ _ _ _ _ _ _ _ _ _ _ _ _ _ _ _ _ _ _ _ _ _ _ _ _ _ _ _ _ _ _ _ _ _ _ _ _ _ _ _ _ _ _ _ _ _ _ _ _ _ _ _ _ _ _ _ _ _ _ _ \n\nactual = 'success', matcher = <HasString(an object with str 'hhh')>, reason = ''\n\n    def assert_that(actual, matcher=None, reason=\"\"):\n        \"\"\"Asserts that actual value satisfies matcher. (Can also assert plain\n        boolean condition.)\n    \n        :param actual: The object to evaluate as the actual value.\n        :param matcher: The matcher to satisfy as the expected condition.\n        :param reason: Optional explanation to include in failure description.\n    \n        ``assert_that`` passes the actual value to the matcher for evaluation. If\n        the matcher is not satisfied, an exception is thrown describing the\n        mismatch.\n    \n        ``assert_that`` is designed to integrate well with PyUnit and other unit\n        testing frameworks. The exception raised for an unmet assertion is an\n        :py:exc:`AssertionError`, which PyUnit reports as a test failure.\n    \n        With a different set of parameters, ``assert_that`` can also verify a\n        boolean condition:\n    \n        .. function:: assert_that(assertion[, reason])\n    \n        :param assertion:  Boolean condition to verify.\n        :param reason:  Optional explanation to include in failure description.\n    \n        This is equivalent to the :py:meth:`~unittest.TestCase.assertTrue` method\n        of :py:class:`unittest.TestCase`, but offers greater flexibility in test\n        writing by being a standalone function.\n    \n        \"\"\"\n        if isinstance(matcher, Matcher):\n>           _assert_match(actual=actual, matcher=matcher, reason=reason)\n\nC:\\Users\\DD\\AppData\\Local\\Programs\\Python\\Python37-32\\lib\\site-packages\\hamcrest\\core\\assert_that.py:58: \n_ _ _ _ _ _ _ _ _ _ _ _ _ _ _ _ _ _ _ _ _ _ _ _ _ _ _ _ _ _ _ _ _ _ _ _ _ _ _ _ _ _ _ _ _ _ _ _ _ _ _ _ _ _ _ _ _ _ _ _ _ _ _ _ _ _ _ _ _ _ _ _ _ _ _ _ _ _ _ \n\nactual = 'success', matcher = <HasString(an object with str 'hhh')>, reason = ''\n\n    def _assert_match(actual: T, matcher: Matcher[T], reason: str) -> None:\n        if not matcher.matches(actual):\n            description = StringDescription()\n            description.append_text(reason).append_text(\"\\nExpected: \").append_description_of(\n                matcher\n            ).append_text(\"\\n     but: \")\n            matcher.describe_mismatch(actual, description)\n            description.append_text(\"\\n\")\n>           raise AssertionError(description)\nE           AssertionError: \nE           Expected: an object with str 'hhh'\nE                but: was 'success'\n\nC:\\Users\\DD\\AppData\\Local\\Programs\\Python\\Python37-32\\lib\\site-packages\\hamcrest\\core\\assert_that.py:73: AssertionError\n\nDuring handling of the above exception, another exception occurred:\n\nself = <Andrew.TestCase.test_select.TestSelect object at 0x05217490>\nargs = {'data': {'expected_msg': 'hhh', 'method': 'get', 'url': 'http://10.6.3.13:28083/api/rebate/v1/rebate/query/availableRebateSummary?regionCode=340000&saleOrgCode=1017&firstLevelReceivingEnterpriseCode=1000009899'}}\nstart = None\n\n    @allure.story(\"è¯»å–yamlæ–‡ä»¶\")\n    @pytest.mark.parametrize(\"args\",Yaml(\"\\data.yaml\").read_yaml())\n    def test_request(self, args, start):\n        url = args[\"data\"][\"url\"]\n        method = args[\"data\"][\"method\"]\n        expected_msg = args[\"data\"][\"expected_msg\"]\n        Request.get(url=url)\n        body = Json.get_value(Request.response, \"resultMsg\", 0)\n>       Assert.assert_string(body, expected_msg)\n\nTestCase\\test_select.py:22: \n_ _ _ _ _ _ _ _ _ _ _ _ _ _ _ _ _ _ _ _ _ _ _ _ _ _ _ _ _ _ _ _ _ _ _ _ _ _ _ _ _ _ _ _ _ _ _ _ _ _ _ _ _ _ _ _ _ _ _ _ _ _ _ _ _ _ _ _ _ _ _ _ _ _ _ _ _ _ _ \n\nself = <Common.AssertUtil.Assertions object at 0x04F09930>, body_msg = 'success', expected_msg = 'hhh'\n\n    def assert_string(self, body_msg, expected_msg):\n        \"\"\"\n        éªŒè¯response ç›¸ç­‰å­—ç¬¦ä¸²\n        :param body_msg:\n        :param expected_msg:\n        :return:\n        \"\"\"\n        try:\n            assert_that(body_msg, has_string(expected_msg))\n            self.log.info(\"ğŸ‘€ å­—ç¬¦ä¸²ç­‰äºé¢„æœŸç»“æœ\")\n            return True\n    \n        except:\n            self.log.error(\"âŒ å­—ç¬¦ä¸²ä¸ç­‰äºé¢„æœŸç»“æœ, é¢„æœŸä¸º %s, å®é™…ä¸º %s \" % (expected_msg, body_msg))\n>           raise AssertionError(\"âŒ å­—ç¬¦ä¸²ä¸ç­‰äºé¢„æœŸç»“æœ, é¢„æœŸä¸º %s, å®é™…ä¸º %s \" % (expected_msg, body_msg))\nE           AssertionError: âŒ å­—ç¬¦ä¸²ä¸ç­‰äºé¢„æœŸç»“æœ, é¢„æœŸä¸º hhh, å®é™…ä¸º success\n\nCommon\\AssertUtil.py:44: AssertionError"}, "parameters": [{"name": "args", "value": "{'data': {'url': 'http://10.6.3.13:28083/api/rebate/v1/rebate/query/availableRebateSummary?regionCode=340000&saleOrgCode=1017&firstLevelReceivingEnterpriseCode=1000009899', 'method': 'get', 'expected_msg': 'hhh'}}"}], "start": 1650613844359, "stop": 1650613844497, "uuid": "e26c019c-ef7c-42fd-b2fe-c37d58d78da3", "historyId": "03fd3b4911d821aa173e52896e84a7bc", "testCaseId": "f84d58fe4a9a1fbcd3f09084e2f8267b", "fullName": "TestCase.test_select.TestSelect#test_request", "labels": [{"name": "story", "value": "è¯»å–yamlæ–‡ä»¶"}, {"name": "feature", "value": "æ¥å£æµ‹è¯•"}, {"name": "parentSuite", "value": "TestCase"}, {"name": "suite", "value": "test_select"}, {"name": "subSuite", "value": "TestSelect"}, {"name": "host", "value": "DESKTOP-2MLCHMP"}, {"name": "thread", "value": "11680-MainThread"}, {"name": "framework", "value": "pytest"}, {"name": "language", "value": "cpython3"}, {"name": "package", "value": "TestCase.test_select"}]}